<?xml version="1.0" encoding="UTF-8"?>
<coverage generated="1781107637740" clover="3.2.0">
  <project timestamp="1781107637740" name="All files">
    <metrics statements="3416" coveredstatements="2740" conditionals="2873" coveredconditionals="1995" methods="788" coveredmethods="555" elements="7077" coveredelements="5290" complexity="0" loc="3416" ncloc="3416" packages="19" files="79" classes="79"/>
    <package name="components">
      <metrics statements="84" coveredstatements="57" conditionals="151" coveredconditionals="82" methods="47" coveredmethods="27"/>
      <file name="NumPad.tsx" path="C:\Users\colin\Documents\mathFan\src\components\NumPad.tsx">
        <metrics statements="16" coveredstatements="14" conditionals="34" coveredconditionals="23" methods="5" coveredmethods="5"/>
        <line num="10" count="19" type="stmt"/>
        <line num="11" count="12" type="cond" truecount="1" falsecount="1"/>
        <line num="12" count="12" type="cond" truecount="1" falsecount="1"/>
        <line num="13" count="0" type="stmt"/>
        <line num="14" count="12" type="cond" truecount="2" falsecount="0"/>
        <line num="15" count="6" type="cond" truecount="1" falsecount="1"/>
        <line num="16" count="6" type="cond" truecount="1" falsecount="1"/>
        <line num="17" count="0" type="cond" truecount="0" falsecount="6"/>
        <line num="18" count="6" type="cond" truecount="1" falsecount="1"/>
        <line num="19" count="6" type="stmt"/>
        <line num="24" count="19" type="cond" truecount="2" falsecount="0"/>
        <line num="25" count="19" type="stmt"/>
        <line num="27" count="19" type="stmt"/>
        <line num="31" count="228" type="stmt"/>
        <line num="33" count="6" type="stmt"/>
        <line num="44" count="6" type="stmt"/>
      </file>
      <file name="SessionSummary.tsx" path="C:\Users\colin\Documents\mathFan\src\components\SessionSummary.tsx">
        <metrics statements="15" coveredstatements="15" conditionals="87" coveredconditionals="46" methods="4" coveredmethods="4"/>
        <line num="44" count="1" type="cond" truecount="1" falsecount="1"/>
        <line num="45" count="1" type="stmt"/>
        <line num="46" count="1" type="cond" truecount="1" falsecount="1"/>
        <line num="47" count="2" type="stmt"/>
        <line num="49" count="1" type="cond" truecount="1" falsecount="1"/>
        <line num="50" count="1" type="cond" truecount="1" falsecount="1"/>
        <line num="51" count="1" type="cond" truecount="2" falsecount="0"/>
        <line num="52" count="1" type="cond" truecount="1" falsecount="1"/>
        <line num="54" count="1" type="cond" truecount="2" falsecount="2"/>
        <line num="57" count="1" type="cond" truecount="1" falsecount="1"/>
        <line num="58" count="1" type="cond" truecount="2" falsecount="3"/>
        <line num="62" count="1" type="stmt"/>
        <line num="117" count="2" type="stmt"/>
        <line num="165" count="2" type="stmt"/>
        <line num="178" count="1" type="stmt"/>
      </file>
      <file name="opSpecs.ts" path="C:\Users\colin\Documents\mathFan\src\components\opSpecs.ts">
        <metrics statements="53" coveredstatements="28" conditionals="30" coveredconditionals="13" methods="38" coveredmethods="18"/>
        <line num="14" count="1" type="stmt"/>
        <line num="26" count="3" type="stmt"/>
        <line num="52" count="3" type="stmt"/>
        <line num="70" count="1" type="stmt"/>
        <line num="79" count="20" type="stmt"/>
        <line num="117" count="1" type="cond" truecount="1" falsecount="1"/>
        <line num="120" count="0" type="cond" truecount="0" falsecount="4"/>
        <line num="123" count="0" type="cond" truecount="0" falsecount="4"/>
        <line num="126" count="1" type="cond" truecount="1" falsecount="1"/>
        <line num="131" count="10" type="cond" truecount="10" falsecount="4"/>
        <line num="133" count="1" type="stmt"/>
        <line num="141" count="0" type="stmt"/>
        <line num="142" count="1" type="stmt"/>
        <line num="150" count="1" type="stmt"/>
        <line num="158" count="0" type="stmt"/>
        <line num="159" count="1" type="stmt"/>
        <line num="167" count="0" type="stmt"/>
        <line num="175" count="0" type="stmt"/>
        <line num="176" count="0" type="stmt"/>
        <line num="184" count="0" type="stmt"/>
        <line num="193" count="0" type="stmt"/>
        <line num="194" count="0" type="stmt"/>
        <line num="196" count="0" type="stmt"/>
        <line num="204" count="1" type="stmt"/>
        <line num="216" count="0" type="cond" truecount="0" falsecount="2"/>
        <line num="219" count="1" type="stmt"/>
        <line num="228" count="1" type="stmt"/>
        <line num="235" count="0" type="stmt"/>
        <line num="236" count="1" type="stmt"/>
        <line num="243" count="0" type="stmt"/>
        <line num="250" count="0" type="stmt"/>
        <line num="251" count="0" type="stmt"/>
        <line num="258" count="0" type="stmt"/>
        <line num="265" count="0" type="stmt"/>
        <line num="266" count="0" type="stmt"/>
        <line num="273" count="1" type="stmt"/>
        <line num="280" count="0" type="stmt"/>
        <line num="281" count="1" type="stmt"/>
        <line num="288" count="1" type="stmt"/>
        <line num="293" count="0" type="stmt"/>
        <line num="294" count="1" type="stmt"/>
        <line num="302" count="1" type="stmt"/>
        <line num="307" count="0" type="stmt"/>
        <line num="308" count="1" type="stmt"/>
        <line num="316" count="1" type="stmt"/>
        <line num="321" count="0" type="stmt"/>
        <line num="322" count="1" type="stmt"/>
        <line num="330" count="1" type="stmt"/>
        <line num="335" count="0" type="stmt"/>
        <line num="336" count="1" type="stmt"/>
        <line num="344" count="1" type="stmt"/>
        <line num="349" count="0" type="stmt"/>
        <line num="350" count="1" type="stmt"/>
      </file>
    </package>
    <package name="db">
      <metrics statements="69" coveredstatements="12" conditionals="16" coveredconditionals="0" methods="49" coveredmethods="1"/>
      <file name="dexie.ts" path="C:\Users\colin\Documents\mathFan\src\db\dexie.ts">
        <metrics statements="6" coveredstatements="6" conditionals="0" coveredconditionals="0" methods="1" coveredmethods="1"/>
        <line num="21" count="4" type="stmt"/>
        <line num="22" count="4" type="stmt"/>
        <line num="29" count="4" type="stmt"/>
        <line num="33" count="4" type="stmt"/>
        <line num="38" count="4" type="stmt"/>
        <line num="44" count="4" type="stmt"/>
      </file>
      <file name="repositories.ts" path="C:\Users\colin\Documents\mathFan\src\db\repositories.ts">
        <metrics statements="63" coveredstatements="6" conditionals="16" coveredconditionals="0" methods="48" coveredmethods="0"/>
        <line num="6" count="1" type="stmt"/>
        <line num="8" count="0" type="stmt"/>
        <line num="11" count="0" type="stmt"/>
        <line num="14" count="0" type="stmt"/>
        <line num="17" count="0" type="stmt"/>
        <line num="28" count="1" type="stmt"/>
        <line num="30" count="0" type="stmt"/>
        <line num="33" count="0" type="stmt"/>
        <line num="36" count="0" type="stmt"/>
        <line num="38" count="0" type="cond" truecount="0" falsecount="2"/>
        <line num="42" count="0" type="stmt"/>
        <line num="52" count="1" type="stmt"/>
        <line num="54" count="0" type="stmt"/>
        <line num="57" count="0" type="stmt"/>
        <line num="60" count="0" type="stmt"/>
        <line num="66" count="0" type="stmt"/>
        <line num="69" count="0" type="stmt"/>
        <line num="78" count="1" type="stmt"/>
        <line num="80" count="0" type="stmt"/>
        <line num="83" count="0" type="stmt"/>
        <line num="86" count="0" type="stmt"/>
        <line num="89" count="0" type="stmt"/>
        <line num="95" count="0" type="stmt"/>
        <line num="98" count="0" type="stmt"/>
        <line num="100" count="0" type="stmt"/>
        <line num="105" count="0" type="stmt"/>
        <line num="107" count="0" type="stmt"/>
        <line num="115" count="0" type="cond" truecount="0" falsecount="2"/>
        <line num="116" count="0" type="stmt"/>
        <line num="117" count="0" type="stmt"/>
        <line num="118" count="0" type="cond" truecount="0" falsecount="2"/>
        <line num="119" count="0" type="stmt"/>
        <line num="120" count="0" type="stmt"/>
        <line num="122" count="0" type="stmt"/>
        <line num="123" count="0" type="stmt"/>
        <line num="124" count="0" type="stmt"/>
        <line num="125" count="0" type="stmt"/>
        <line num="126" count="0" type="stmt"/>
        <line num="127" count="0" type="cond" truecount="0" falsecount="2"/>
        <line num="128" count="0" type="stmt"/>
        <line num="129" count="0" type="stmt"/>
        <line num="130" count="0" type="stmt"/>
        <line num="141" count="0" type="cond" truecount="0" falsecount="2"/>
        <line num="149" count="0" type="stmt"/>
        <line num="158" count="1" type="stmt"/>
        <line num="160" count="0" type="stmt"/>
        <line num="161" count="0" type="cond" truecount="0" falsecount="2"/>
        <line num="162" count="0" type="stmt"/>
        <line num="163" count="0" type="stmt"/>
        <line num="167" count="0" type="stmt"/>
        <line num="168" count="0" type="stmt"/>
        <line num="172" count="1" type="stmt"/>
        <line num="174" count="0" type="stmt"/>
        <line num="177" count="0" type="stmt"/>
        <line num="180" count="0" type="stmt"/>
        <line num="183" count="0" type="stmt"/>
        <line num="190" count="0" type="stmt"/>
        <line num="192" count="0" type="stmt"/>
        <line num="194" count="0" type="stmt"/>
        <line num="198" count="0" type="stmt"/>
        <line num="200" count="0" type="stmt"/>
        <line num="202" count="0" type="stmt"/>
        <line num="203" count="0" type="stmt"/>
      </file>
    </package>
    <package name="features.adaptive">
      <metrics statements="244" coveredstatements="224" conditionals="225" coveredconditionals="154" methods="39" coveredmethods="37"/>
      <file name="adaptiveItemSelector.ts" path="C:\Users\colin\Documents\mathFan\src\features\adaptive\adaptiveItemSelector.ts">
        <metrics statements="91" coveredstatements="89" conditionals="76" coveredconditionals="62" methods="14" coveredmethods="14"/>
        <line num="50" count="3" type="stmt"/>
        <line num="51" count="3" type="stmt"/>
        <line num="54" count="3" type="stmt"/>
        <line num="61" count="155" type="cond" truecount="2" falsecount="0"/>
        <line num="72" count="594" type="stmt"/>
        <line num="73" count="594" type="cond" truecount="2" falsecount="0"/>
        <line num="75" count="476" type="cond" truecount="2" falsecount="0"/>
        <line num="76" count="331" type="cond" truecount="2" falsecount="0"/>
        <line num="77" count="44" type="stmt"/>
        <line num="82" count="50" type="cond" truecount="2" falsecount="0"/>
        <line num="83" count="6" type="cond" truecount="3" falsecount="1"/>
        <line num="84" count="6" type="cond" truecount="1" falsecount="1"/>
        <line num="85" count="50" type="stmt"/>
        <line num="90" count="99" type="stmt"/>
        <line num="91" count="99" type="stmt"/>
        <line num="92" count="99" type="cond" truecount="2" falsecount="0"/>
        <line num="93" count="99" type="cond" truecount="3" falsecount="2"/>
        <line num="94" count="0" type="stmt"/>
        <line num="95" count="81" type="stmt"/>
        <line num="96" count="1" type="stmt"/>
        <line num="97" count="0" type="cond" truecount="0" falsecount="2"/>
        <line num="98" count="17" type="cond" truecount="1" falsecount="1"/>
        <line num="100" count="99" type="cond" truecount="1" falsecount="1"/>
        <line num="101" count="99" type="stmt"/>
        <line num="102" count="99" type="stmt"/>
        <line num="117" count="351" type="stmt"/>
        <line num="118" count="351" type="stmt"/>
        <line num="119" count="351" type="cond" truecount="1" falsecount="1"/>
        <line num="121" count="351" type="stmt"/>
        <line num="122" count="351" type="stmt"/>
        <line num="123" count="351" type="stmt"/>
        <line num="124" count="352" type="stmt"/>
        <line num="125" count="352" type="cond" truecount="2" falsecount="0"/>
        <line num="126" count="99" type="stmt"/>
        <line num="127" count="99" type="cond" truecount="2" falsecount="0"/>
        <line num="128" count="352" type="stmt"/>
        <line num="130" count="351" type="stmt"/>
        <line num="140" count="38" type="cond" truecount="2" falsecount="0"/>
        <line num="141" count="38" type="cond" truecount="2" falsecount="0"/>
        <line num="142" count="38" type="stmt"/>
        <line num="143" count="281" type="stmt"/>
        <line num="147" count="1216" type="stmt"/>
        <line num="148" count="281" type="stmt"/>
        <line num="155" count="243" type="stmt"/>
        <line num="156" count="243" type="stmt"/>
        <line num="157" count="243" type="stmt"/>
        <line num="158" count="243" type="cond" truecount="1" falsecount="1"/>
        <line num="159" count="243" type="stmt"/>
        <line num="160" count="235" type="stmt"/>
        <line num="161" count="235" type="cond" truecount="2" falsecount="0"/>
        <line num="163" count="243" type="cond" truecount="2" falsecount="0"/>
        <line num="164" count="16" type="cond" truecount="2" falsecount="0"/>
        <line num="165" count="6" type="stmt"/>
        <line num="166" count="6" type="cond" truecount="2" falsecount="1"/>
        <line num="168" count="6" type="cond" truecount="1" falsecount="1"/>
        <line num="185" count="10" type="cond" truecount="4" falsecount="0"/>
        <line num="187" count="9" type="cond" truecount="2" falsecount="0"/>
        <line num="189" count="10" type="stmt"/>
        <line num="190" count="243" type="stmt"/>
        <line num="192" count="9" type="stmt"/>
        <line num="193" count="9" type="stmt"/>
        <line num="194" count="9" type="stmt"/>
        <line num="196" count="9" type="stmt"/>
        <line num="197" count="9" type="stmt"/>
        <line num="198" count="9" type="stmt"/>
        <line num="200" count="9" type="stmt"/>
        <line num="201" count="9" type="stmt"/>
        <line num="202" count="9" type="stmt"/>
        <line num="203" count="27" type="stmt"/>
        <line num="204" count="27" type="stmt"/>
        <line num="205" count="28" type="cond" truecount="4" falsecount="0"/>
        <line num="206" count="19" type="cond" truecount="1" falsecount="1"/>
        <line num="207" count="19" type="stmt"/>
        <line num="208" count="19" type="stmt"/>
        <line num="209" count="19" type="stmt"/>
        <line num="212" count="9" type="stmt"/>
        <line num="213" count="9" type="stmt"/>
        <line num="214" count="9" type="stmt"/>
        <line num="217" count="9" type="cond" truecount="1" falsecount="1"/>
        <line num="218" count="9" type="stmt"/>
        <line num="219" count="50" type="cond" truecount="2" falsecount="0"/>
        <line num="220" count="44" type="cond" truecount="2" falsecount="0"/>
        <line num="221" count="25" type="stmt"/>
        <line num="222" count="25" type="stmt"/>
        <line num="227" count="9" type="cond" truecount="4" falsecount="0"/>
        <line num="228" count="2" type="stmt"/>
        <line num="229" count="2" type="stmt"/>
        <line num="230" count="2" type="stmt"/>
        <line num="231" count="5" type="stmt"/>
        <line num="232" count="5" type="stmt"/>
        <line num="236" count="9" type="stmt"/>
      </file>
      <file name="candidatePools.ts" path="C:\Users\colin\Documents\mathFan\src\features\adaptive\candidatePools.ts">
        <metrics statements="62" coveredstatements="56" conditionals="60" coveredconditionals="29" methods="11" coveredmethods="9"/>
        <line num="14" count="2" type="stmt"/>
        <line num="26" count="2" type="stmt"/>
        <line num="29" count="0" type="cond" truecount="0" falsecount="2"/>
        <line num="33" count="0" type="cond" truecount="0" falsecount="4"/>
        <line num="45" count="6" type="cond" truecount="1" falsecount="1"/>
        <line num="46" count="6" type="cond" truecount="1" falsecount="3"/>
        <line num="47" count="36" type="cond" truecount="2" falsecount="0"/>
        <line num="51" count="6" type="stmt"/>
        <line num="52" count="6" type="stmt"/>
        <line num="53" count="6" type="stmt"/>
        <line num="54" count="18" type="cond" truecount="1" falsecount="1"/>
        <line num="55" count="18" type="stmt"/>
        <line num="56" count="18" type="stmt"/>
        <line num="58" count="6" type="stmt"/>
        <line num="59" count="18" type="cond" truecount="1" falsecount="1"/>
        <line num="61" count="18" type="cond" truecount="2" falsecount="0"/>
        <line num="62" count="17" type="stmt"/>
        <line num="63" count="17" type="cond" truecount="3" falsecount="1"/>
        <line num="64" count="17" type="stmt"/>
        <line num="66" count="1" type="cond" truecount="1" falsecount="1"/>
        <line num="68" count="1" type="stmt"/>
        <line num="69" count="1" type="cond" truecount="1" falsecount="1"/>
        <line num="70" count="1" type="cond" truecount="5" falsecount="1"/>
        <line num="71" count="1" type="stmt"/>
        <line num="76" count="16" type="stmt"/>
        <line num="78" count="6" type="stmt"/>
        <line num="79" count="6" type="stmt"/>
        <line num="80" count="6" type="stmt"/>
        <line num="81" count="56" type="cond" truecount="1" falsecount="1"/>
        <line num="82" count="56" type="stmt"/>
        <line num="83" count="56" type="stmt"/>
        <line num="85" count="18" type="stmt"/>
        <line num="88" count="38" type="stmt"/>
        <line num="89" count="6" type="stmt"/>
        <line num="101" count="4" type="cond" truecount="1" falsecount="1"/>
        <line num="102" count="4" type="cond" truecount="1" falsecount="1"/>
        <line num="106" count="4" type="stmt"/>
        <line num="107" count="4" type="stmt"/>
        <line num="108" count="4" type="stmt"/>
        <line num="109" count="16" type="cond" truecount="1" falsecount="1"/>
        <line num="110" count="16" type="stmt"/>
        <line num="111" count="16" type="stmt"/>
        <line num="113" count="4" type="stmt"/>
        <line num="114" count="16" type="cond" truecount="1" falsecount="1"/>
        <line num="116" count="16" type="cond" truecount="1" falsecount="1"/>
        <line num="117" count="16" type="stmt"/>
        <line num="118" count="16" type="cond" truecount="4" falsecount="1"/>
        <line num="119" count="16" type="stmt"/>
        <line num="121" count="0" type="cond" truecount="0" falsecount="2"/>
        <line num="122" count="0" type="stmt"/>
        <line num="123" count="0" type="cond" truecount="0" falsecount="5"/>
        <line num="124" count="0" type="stmt"/>
        <line num="129" count="16" type="stmt"/>
        <line num="131" count="4" type="stmt"/>
        <line num="132" count="4" type="stmt"/>
        <line num="133" count="4" type="stmt"/>
        <line num="134" count="39" type="cond" truecount="1" falsecount="1"/>
        <line num="135" count="39" type="stmt"/>
        <line num="136" count="39" type="stmt"/>
        <line num="138" count="16" type="stmt"/>
        <line num="141" count="23" type="stmt"/>
        <line num="142" count="4" type="stmt"/>
      </file>
      <file name="relatedEvidence.ts" path="C:\Users\colin\Documents\mathFan\src\features\adaptive\relatedEvidence.ts">
        <metrics statements="9" coveredstatements="9" conditionals="4" coveredconditionals="4" methods="1" coveredmethods="1"/>
        <line num="41" count="10" type="stmt"/>
        <line num="42" count="10" type="stmt"/>
        <line num="43" count="10" type="stmt"/>
        <line num="44" count="7" type="stmt"/>
        <line num="45" count="7" type="cond" truecount="2" falsecount="0"/>
        <line num="46" count="6" type="cond" truecount="2" falsecount="0"/>
        <line num="47" count="5" type="stmt"/>
        <line num="48" count="5" type="stmt"/>
        <line num="50" count="10" type="stmt"/>
      </file>
      <file name="relatedItemMapping.ts" path="C:\Users\colin\Documents\mathFan\src\features\adaptive\relatedItemMapping.ts">
        <metrics statements="82" coveredstatements="70" conditionals="85" coveredconditionals="59" methods="13" coveredmethods="13"/>
        <line num="19" count="315" type="stmt"/>
        <line num="20" count="305" type="stmt"/>
        <line num="21" count="98" type="stmt"/>
        <line num="24" count="46" type="stmt"/>
        <line num="25" count="46" type="stmt"/>
        <line num="30" count="83" type="stmt"/>
        <line num="31" count="83" type="cond" truecount="1" falsecount="1"/>
        <line num="32" count="83" type="stmt"/>
        <line num="33" count="249" type="stmt"/>
        <line num="34" count="249" type="stmt"/>
        <line num="36" count="83" type="stmt"/>
        <line num="43" count="1286" type="cond" truecount="2" falsecount="0"/>
        <line num="44" count="814" type="stmt"/>
        <line num="48" count="814" type="stmt"/>
        <line num="52" count="814" type="cond" truecount="2" falsecount="0"/>
        <line num="53" count="182" type="stmt"/>
        <line num="55" count="182" type="cond" truecount="2" falsecount="0"/>
        <line num="56" count="153" type="stmt"/>
        <line num="60" count="632" type="cond" truecount="1" falsecount="1"/>
        <line num="61" count="0" type="stmt"/>
        <line num="62" count="0" type="cond" truecount="0" falsecount="2"/>
        <line num="63" count="0" type="cond" truecount="0" falsecount="2"/>
        <line num="64" count="0" type="cond" truecount="0" falsecount="4"/>
        <line num="65" count="0" type="cond" truecount="0" falsecount="4"/>
        <line num="66" count="0" type="stmt"/>
        <line num="70" count="632" type="cond" truecount="2" falsecount="0"/>
        <line num="71" count="58" type="stmt"/>
        <line num="75" count="574" type="cond" truecount="2" falsecount="0"/>
        <line num="76" count="3" type="stmt"/>
        <line num="77" count="3" type="stmt"/>
        <line num="81" count="571" type="cond" truecount="2" falsecount="0"/>
        <line num="82" count="3" type="stmt"/>
        <line num="83" count="3" type="stmt"/>
        <line num="87" count="568" type="cond" truecount="1" falsecount="1"/>
        <line num="88" count="0" type="stmt"/>
        <line num="92" count="568" type="cond" truecount="2" falsecount="0"/>
        <line num="93" count="1" type="stmt"/>
        <line num="94" count="2" type="stmt"/>
        <line num="95" count="1" type="stmt"/>
        <line num="100" count="567" type="cond" truecount="1" falsecount="1"/>
        <line num="101" count="0" type="cond" truecount="0" falsecount="4"/>
        <line num="102" count="0" type="stmt"/>
        <line num="104" count="0" type="stmt"/>
        <line num="108" count="567" type="cond" truecount="2" falsecount="0"/>
        <line num="109" count="93" type="stmt"/>
        <line num="113" count="474" type="cond" truecount="2" falsecount="0"/>
        <line num="114" count="83" type="stmt"/>
        <line num="118" count="391" type="cond" truecount="2" falsecount="0"/>
        <line num="119" count="87" type="stmt"/>
        <line num="120" count="87" type="cond" truecount="2" falsecount="0"/>
        <line num="121" count="45" type="cond" truecount="1" falsecount="1"/>
        <line num="122" count="0" type="stmt"/>
        <line num="126" count="304" type="cond" truecount="2" falsecount="0"/>
        <line num="127" count="82" type="stmt"/>
        <line num="128" count="82" type="cond" truecount="4" falsecount="0"/>
        <line num="134" count="222" type="cond" truecount="2" falsecount="0"/>
        <line num="135" count="5" type="stmt"/>
        <line num="136" count="5" type="stmt"/>
        <line num="137" count="5" type="stmt"/>
        <line num="138" count="5" type="cond" truecount="3" falsecount="1"/>
        <line num="139" count="5" type="stmt"/>
        <line num="144" count="217" type="stmt"/>
        <line num="151" count="314" type="cond" truecount="1" falsecount="1"/>
        <line num="152" count="314" type="stmt"/>
        <line num="153" count="314" type="stmt"/>
        <line num="154" count="284" type="stmt"/>
        <line num="155" count="284" type="cond" truecount="2" falsecount="0"/>
        <line num="157" count="314" type="stmt"/>
        <line num="162" count="284" type="stmt"/>
        <line num="167" count="284" type="cond" truecount="2" falsecount="0"/>
        <line num="168" count="194" type="cond" truecount="2" falsecount="0"/>
        <line num="169" count="162" type="cond" truecount="2" falsecount="0"/>
        <line num="170" count="21" type="cond" truecount="1" falsecount="1"/>
        <line num="171" count="0" type="stmt"/>
        <line num="178" count="312" type="cond" truecount="1" falsecount="1"/>
        <line num="179" count="312" type="stmt"/>
        <line num="181" count="312" type="cond" truecount="2" falsecount="0"/>
        <line num="182" count="255" type="cond" truecount="1" falsecount="1"/>
        <line num="183" count="255" type="cond" truecount="2" falsecount="0"/>
        <line num="184" count="214" type="stmt"/>
        <line num="191" count="313" type="cond" truecount="5" falsecount="0"/>
        <line num="192" count="312" type="stmt"/>
      </file>
    </package>
    <package name="features.ai">
      <metrics statements="91" coveredstatements="47" conditionals="74" coveredconditionals="25" methods="26" coveredmethods="12"/>
      <file name="TutorChat.tsx" path="C:\Users\colin\Documents\mathFan\src\features\ai\TutorChat.tsx">
        <metrics statements="41" coveredstatements="20" conditionals="30" coveredconditionals="8" methods="13" coveredmethods="4"/>
        <line num="11" count="1" type="stmt"/>
        <line num="14" count="1" type="stmt"/>
        <line num="15" count="1" type="stmt"/>
        <line num="16" count="1" type="stmt"/>
        <line num="17" count="1" type="stmt"/>
        <line num="18" count="1" type="stmt"/>
        <line num="19" count="1" type="stmt"/>
        <line num="20" count="1" type="stmt"/>
        <line num="21" count="1" type="stmt"/>
        <line num="23" count="1" type="stmt"/>
        <line num="24" count="1" type="stmt"/>
        <line num="25" count="1" type="stmt"/>
        <line num="28" count="1" type="stmt"/>
        <line num="29" count="1" type="stmt"/>
        <line num="30" count="1" type="cond" truecount="3" falsecount="1"/>
        <line num="31" count="0" type="stmt"/>
        <line num="32" count="1" type="cond" truecount="1" falsecount="1"/>
        <line num="33" count="1" type="stmt"/>
        <line num="37" count="1" type="stmt"/>
        <line num="38" count="0" type="stmt"/>
        <line num="39" count="0" type="cond" truecount="0" falsecount="4"/>
        <line num="40" count="0" type="stmt"/>
        <line num="41" count="0" type="stmt"/>
        <line num="42" count="0" type="stmt"/>
        <line num="43" count="0" type="stmt"/>
        <line num="44" count="0" type="stmt"/>
        <line num="45" count="0" type="stmt"/>
        <line num="46" count="0" type="stmt"/>
        <line num="47" count="0" type="stmt"/>
        <line num="48" count="0" type="stmt"/>
        <line num="50" count="0" type="stmt"/>
        <line num="52" count="0" type="stmt"/>
        <line num="56" count="1" type="stmt"/>
        <line num="57" count="0" type="cond" truecount="0" falsecount="4"/>
        <line num="58" count="0" type="cond" truecount="0" falsecount="2"/>
        <line num="61" count="1" type="stmt"/>
        <line num="63" count="0" type="stmt"/>
        <line num="92" count="0" type="cond" truecount="0" falsecount="2"/>
        <line num="105" count="0" type="stmt"/>
        <line num="113" count="0" type="stmt"/>
        <line num="118" count="0" type="cond" truecount="0" falsecount="2"/>
      </file>
      <file name="aiConfig.ts" path="C:\Users\colin\Documents\mathFan\src\features\ai\aiConfig.ts">
        <metrics statements="13" coveredstatements="13" conditionals="6" coveredconditionals="6" methods="5" coveredmethods="5"/>
        <line num="11" count="2" type="stmt"/>
        <line num="12" count="2" type="stmt"/>
        <line num="14" count="2" type="stmt"/>
        <line num="22" count="7" type="stmt"/>
        <line num="23" count="7" type="stmt"/>
        <line num="24" count="7" type="stmt"/>
        <line num="25" count="7" type="cond" truecount="2" falsecount="0"/>
        <line num="26" count="7" type="cond" truecount="2" falsecount="0"/>
        <line num="28" count="7" type="stmt"/>
        <line num="32" count="2" type="stmt"/>
        <line num="36" count="2" type="cond" truecount="2" falsecount="0"/>
        <line num="40" count="5" type="stmt"/>
        <line num="44" count="3" type="stmt"/>
      </file>
      <file name="gemini.ts" path="C:\Users\colin\Documents\mathFan\src\features\ai\gemini.ts">
        <metrics statements="37" coveredstatements="14" conditionals="38" coveredconditionals="11" methods="8" coveredmethods="3"/>
        <line num="15" count="2" type="stmt"/>
        <line num="19" count="0" type="stmt"/>
        <line num="51" count="7" type="stmt"/>
        <line num="52" count="7" type="stmt"/>
        <line num="53" count="7" type="stmt"/>
        <line num="54" count="7" type="stmt"/>
        <line num="64" count="0" type="stmt"/>
        <line num="65" count="0" type="cond" truecount="0" falsecount="2"/>
        <line num="66" count="0" type="cond" truecount="0" falsecount="4"/>
        <line num="68" count="0" type="stmt"/>
        <line num="70" count="0" type="stmt"/>
        <line num="75" count="0" type="stmt"/>
        <line num="76" count="0" type="stmt"/>
        <line num="81" count="0" type="stmt"/>
        <line num="84" count="0" type="cond" truecount="0" falsecount="2"/>
        <line num="90" count="0" type="stmt"/>
        <line num="92" count="0" type="cond" truecount="0" falsecount="2"/>
        <line num="96" count="0" type="stmt"/>
        <line num="99" count="0" type="stmt"/>
        <line num="101" count="0" type="cond" truecount="0" falsecount="2"/>
        <line num="102" count="0" type="cond" truecount="0" falsecount="2"/>
        <line num="103" count="0" type="stmt"/>
        <line num="108" count="0" type="stmt"/>
        <line num="109" count="0" type="stmt"/>
        <line num="110" count="0" type="stmt"/>
        <line num="111" count="0" type="cond" truecount="0" falsecount="4"/>
        <line num="113" count="0" type="stmt"/>
        <line num="118" count="6" type="cond" truecount="2" falsecount="0"/>
        <line num="119" count="6" type="cond" truecount="7" falsecount="1"/>
        <line num="120" count="1" type="stmt"/>
        <line num="122" count="1" type="stmt"/>
        <line num="123" count="1" type="stmt"/>
        <line num="124" count="1" type="stmt"/>
        <line num="125" count="1" type="stmt"/>
        <line num="126" count="0" type="stmt"/>
        <line num="127" count="1" type="stmt"/>
        <line num="133" count="3" type="cond" truecount="2" falsecount="0"/>
      </file>
    </package>
    <package name="features.audio">
      <metrics statements="58" coveredstatements="44" conditionals="49" coveredconditionals="26" methods="15" coveredmethods="11"/>
      <file name="mathSpeech.ts" path="C:\Users\colin\Documents\mathFan\src\features\audio\mathSpeech.ts">
        <metrics statements="30" coveredstatements="23" conditionals="28" coveredconditionals="16" methods="4" coveredmethods="4"/>
        <line num="5" count="5" type="stmt"/>
        <line num="10" count="5" type="stmt"/>
        <line num="14" count="14" type="cond" truecount="1" falsecount="1"/>
        <line num="15" count="14" type="stmt"/>
        <line num="16" count="14" type="cond" truecount="1" falsecount="1"/>
        <line num="17" count="14" type="cond" truecount="1" falsecount="1"/>
        <line num="18" count="0" type="cond" truecount="0" falsecount="2"/>
        <line num="19" count="0" type="stmt"/>
        <line num="20" count="0" type="cond" truecount="0" falsecount="2"/>
        <line num="22" count="0" type="cond" truecount="0" falsecount="2"/>
        <line num="23" count="0" type="stmt"/>
        <line num="24" count="0" type="cond" truecount="0" falsecount="2"/>
        <line num="28" count="0" type="stmt"/>
        <line num="32" count="5" type="stmt"/>
        <line num="47" count="5" type="stmt"/>
        <line num="56" count="14" type="stmt"/>
        <line num="57" count="14" type="stmt"/>
        <line num="58" count="14" type="stmt"/>
        <line num="59" count="14" type="stmt"/>
        <line num="60" count="14" type="stmt"/>
        <line num="61" count="14" type="stmt"/>
        <line num="63" count="14" type="cond" truecount="6" falsecount="0"/>
        <line num="64" count="5" type="cond" truecount="2" falsecount="0"/>
        <line num="65" count="5" type="cond" truecount="2" falsecount="0"/>
        <line num="66" count="5" type="stmt"/>
        <line num="69" count="9" type="stmt"/>
        <line num="70" count="9" type="cond" truecount="1" falsecount="1"/>
        <line num="71" count="9" type="cond" truecount="2" falsecount="0"/>
        <line num="80" count="7" type="stmt"/>
        <line num="81" count="8" type="stmt"/>
      </file>
      <file name="speech.ts" path="C:\Users\colin\Documents\mathFan\src\features\audio\speech.ts">
        <metrics statements="28" coveredstatements="21" conditionals="21" coveredconditionals="10" methods="11" coveredmethods="7"/>
        <line num="5" count="1" type="stmt"/>
        <line num="8" count="10" type="stmt"/>
        <line num="9" count="10" type="stmt"/>
        <line num="10" count="0" type="cond" truecount="0" falsecount="3"/>
        <line num="12" count="10" type="cond" truecount="3" falsecount="0"/>
        <line num="16" count="10" type="cond" truecount="1" falsecount="1"/>
        <line num="23" count="11" type="cond" truecount="2" falsecount="0"/>
        <line num="24" count="10" type="stmt"/>
        <line num="25" count="10" type="stmt"/>
        <line num="26" count="10" type="stmt"/>
        <line num="27" count="10" type="stmt"/>
        <line num="28" count="10" type="stmt"/>
        <line num="29" count="10" type="cond" truecount="1" falsecount="1"/>
        <line num="30" count="10" type="stmt"/>
        <line num="31" count="10" type="stmt"/>
        <line num="32" count="10" type="cond" truecount="1" falsecount="1"/>
        <line num="33" count="10" type="stmt"/>
        <line num="34" count="10" type="stmt"/>
        <line num="35" count="10" type="stmt"/>
        <line num="42" count="7" type="stmt"/>
        <line num="46" count="2" type="cond" truecount="1" falsecount="1"/>
        <line num="47" count="2" type="stmt"/>
        <line num="49" count="0" type="stmt"/>
        <line num="53" count="0" type="cond" truecount="0" falsecount="2"/>
        <line num="58" count="0" type="cond" truecount="0" falsecount="2"/>
        <line num="59" count="0" type="stmt"/>
        <line num="60" count="0" type="stmt"/>
        <line num="61" count="0" type="stmt"/>
      </file>
    </package>
    <package name="features.auth">
      <metrics statements="102" coveredstatements="9" conditionals="61" coveredconditionals="0" methods="25" coveredmethods="0"/>
      <file name="googleAuth.ts" path="C:\Users\colin\Documents\mathFan\src\features\auth\googleAuth.ts">
        <metrics statements="102" coveredstatements="9" conditionals="61" coveredconditionals="0" methods="25" coveredmethods="0"/>
        <line num="12" count="1" type="stmt"/>
        <line num="13" count="1" type="stmt"/>
        <line num="14" count="1" type="stmt"/>
        <line num="33" count="1" type="stmt"/>
        <line num="34" count="1" type="stmt"/>
        <line num="35" count="1" type="stmt"/>
        <line num="36" count="1" type="stmt"/>
        <line num="37" count="1" type="stmt"/>
        <line num="38" count="1" type="stmt"/>
        <line num="43" count="0" type="stmt"/>
        <line num="44" count="0" type="stmt"/>
        <line num="45" count="0" type="cond" truecount="0" falsecount="2"/>
        <line num="46" count="0" type="stmt"/>
        <line num="47" count="0" type="stmt"/>
        <line num="48" count="0" type="cond" truecount="0" falsecount="2"/>
        <line num="53" count="0" type="stmt"/>
        <line num="54" count="0" type="stmt"/>
        <line num="59" count="0" type="stmt"/>
        <line num="65" count="0" type="stmt"/>
        <line num="66" count="0" type="cond" truecount="0" falsecount="2"/>
        <line num="67" count="0" type="stmt"/>
        <line num="68" count="0" type="cond" truecount="0" falsecount="2"/>
        <line num="69" count="0" type="stmt"/>
        <line num="70" count="0" type="stmt"/>
        <line num="72" count="0" type="stmt"/>
        <line num="73" count="0" type="stmt"/>
        <line num="74" count="0" type="stmt"/>
        <line num="75" count="0" type="stmt"/>
        <line num="76" count="0" type="stmt"/>
        <line num="77" count="0" type="stmt"/>
        <line num="84" count="0" type="stmt"/>
        <line num="85" count="0" type="cond" truecount="0" falsecount="5"/>
        <line num="87" count="0" type="stmt"/>
        <line num="92" count="0" type="stmt"/>
        <line num="100" count="0" type="stmt"/>
        <line num="101" count="0" type="cond" truecount="0" falsecount="2"/>
        <line num="103" count="0" type="stmt"/>
        <line num="104" count="0" type="stmt"/>
        <line num="105" count="0" type="cond" truecount="0" falsecount="2"/>
        <line num="106" count="0" type="stmt"/>
        <line num="109" count="0" type="stmt"/>
        <line num="110" count="0" type="stmt"/>
        <line num="111" count="0" type="cond" truecount="0" falsecount="4"/>
        <line num="112" count="0" type="cond" truecount="0" falsecount="2"/>
        <line num="114" count="0" type="cond" truecount="0" falsecount="2"/>
        <line num="119" count="0" type="stmt"/>
        <line num="120" count="0" type="stmt"/>
        <line num="122" count="0" type="stmt"/>
        <line num="123" count="0" type="cond" truecount="0" falsecount="2"/>
        <line num="124" count="0" type="stmt"/>
        <line num="125" count="0" type="stmt"/>
        <line num="128" count="0" type="cond" truecount="0" falsecount="2"/>
        <line num="129" count="0" type="stmt"/>
        <line num="130" count="0" type="cond" truecount="0" falsecount="2"/>
        <line num="131" count="0" type="stmt"/>
        <line num="133" count="0" type="stmt"/>
        <line num="134" count="0" type="stmt"/>
        <line num="142" count="0" type="stmt"/>
        <line num="143" count="0" type="stmt"/>
        <line num="147" count="0" type="stmt"/>
        <line num="158" count="0" type="stmt"/>
        <line num="159" count="0" type="stmt"/>
        <line num="160" count="0" type="stmt"/>
        <line num="161" count="0" type="stmt"/>
        <line num="162" count="0" type="cond" truecount="0" falsecount="2"/>
        <line num="164" count="0" type="stmt"/>
        <line num="165" count="0" type="cond" truecount="0" falsecount="2"/>
        <line num="166" count="0" type="stmt"/>
        <line num="167" count="0" type="stmt"/>
        <line num="168" count="0" type="stmt"/>
        <line num="172" count="0" type="stmt"/>
        <line num="186" count="0" type="stmt"/>
        <line num="187" count="0" type="cond" truecount="0" falsecount="2"/>
        <line num="188" count="0" type="stmt"/>
        <line num="190" count="0" type="stmt"/>
        <line num="191" count="0" type="stmt"/>
        <line num="192" count="0" type="cond" truecount="0" falsecount="2"/>
        <line num="193" count="0" type="stmt"/>
        <line num="196" count="0" type="stmt"/>
        <line num="197" count="0" type="cond" truecount="0" falsecount="2"/>
        <line num="198" count="0" type="stmt"/>
        <line num="199" count="0" type="stmt"/>
        <line num="200" count="0" type="stmt"/>
        <line num="201" count="0" type="stmt"/>
        <line num="205" count="0" type="cond" truecount="0" falsecount="4"/>
        <line num="206" count="0" type="stmt"/>
        <line num="208" count="0" type="stmt"/>
        <line num="209" count="0" type="stmt"/>
        <line num="210" count="0" type="stmt"/>
        <line num="211" count="0" type="stmt"/>
        <line num="212" count="0" type="stmt"/>
        <line num="213" count="0" type="stmt"/>
        <line num="218" count="0" type="cond" truecount="0" falsecount="4"/>
        <line num="219" count="0" type="cond" truecount="0" falsecount="2"/>
        <line num="220" count="0" type="stmt"/>
        <line num="224" count="0" type="stmt"/>
        <line num="225" count="0" type="stmt"/>
        <line num="231" count="0" type="stmt"/>
        <line num="232" count="0" type="stmt"/>
        <line num="235" count="0" type="cond" truecount="0" falsecount="2"/>
        <line num="236" count="0" type="stmt"/>
        <line num="237" count="0" type="stmt"/>
      </file>
    </package>
    <package name="features.curriculum">
      <metrics statements="630" coveredstatements="625" conditionals="383" coveredconditionals="342" methods="136" coveredmethods="136"/>
      <file name="areaItems.ts" path="C:\Users\colin\Documents\mathFan\src\features\curriculum\areaItems.ts">
        <metrics statements="68" coveredstatements="68" conditionals="22" coveredconditionals="20" methods="26" coveredmethods="26"/>
        <line num="8" count="1245" type="stmt"/>
        <line num="12" count="1736" type="stmt"/>
        <line num="16" count="2212" type="stmt"/>
        <line num="20" count="188" type="stmt"/>
        <line num="26" count="1049" type="cond" truecount="2" falsecount="0"/>
        <line num="27" count="762" type="cond" truecount="2" falsecount="0"/>
        <line num="28" count="427" type="cond" truecount="2" falsecount="0"/>
        <line num="29" count="159" type="stmt"/>
        <line num="33" count="413" type="stmt"/>
        <line num="49" count="636" type="stmt"/>
        <line num="65" count="712" type="stmt"/>
        <line num="83" count="13" type="stmt"/>
        <line num="84" count="13" type="stmt"/>
        <line num="85" count="104" type="stmt"/>
        <line num="86" count="832" type="stmt"/>
        <line num="89" count="13" type="stmt"/>
        <line num="94" count="11" type="stmt"/>
        <line num="95" count="11" type="stmt"/>
        <line num="96" count="110" type="stmt"/>
        <line num="97" count="1100" type="stmt"/>
        <line num="100" count="11" type="stmt"/>
        <line num="104" count="80" type="stmt"/>
        <line num="105" count="80" type="stmt"/>
        <line num="122" count="9" type="stmt"/>
        <line num="127" count="108" type="stmt"/>
        <line num="132" count="15" type="stmt"/>
        <line num="133" count="15" type="stmt"/>
        <line num="134" count="150" type="stmt"/>
        <line num="135" count="1500" type="stmt"/>
        <line num="138" count="15" type="stmt"/>
        <line num="144" count="440" type="stmt"/>
        <line num="147" count="19" type="stmt"/>
        <line num="152" count="538" type="stmt"/>
        <line num="153" count="150" type="cond" truecount="1" falsecount="1"/>
        <line num="154" count="150" type="stmt"/>
        <line num="166" count="19" type="stmt"/>
        <line num="177" count="16" type="stmt"/>
        <line num="183" count="371" type="stmt"/>
        <line num="187" count="340" type="stmt"/>
        <line num="188" count="129" type="stmt"/>
        <line num="189" count="129" type="cond" truecount="1" falsecount="1"/>
        <line num="190" count="129" type="stmt"/>
        <line num="202" count="19" type="stmt"/>
        <line num="224" count="240" type="stmt"/>
        <line num="230" count="212" type="stmt"/>
        <line num="234" count="19" type="stmt"/>
        <line num="243" count="19" type="stmt"/>
        <line num="252" count="93" type="cond" truecount="2" falsecount="0"/>
        <line num="253" count="48" type="stmt"/>
        <line num="254" count="48" type="cond" truecount="2" falsecount="0"/>
        <line num="255" count="46" type="stmt"/>
        <line num="256" count="46" type="stmt"/>
        <line num="257" count="46" type="stmt"/>
        <line num="258" count="46" type="stmt"/>
        <line num="259" count="46" type="stmt"/>
        <line num="260" count="46" type="stmt"/>
        <line num="274" count="45" type="stmt"/>
        <line num="275" count="45" type="cond" truecount="2" falsecount="0"/>
        <line num="276" count="44" type="stmt"/>
        <line num="277" count="44" type="stmt"/>
        <line num="278" count="44" type="stmt"/>
        <line num="279" count="44" type="stmt"/>
        <line num="280" count="44" type="stmt"/>
        <line num="281" count="44" type="stmt"/>
        <line num="298" count="12" type="stmt"/>
        <line num="299" count="60" type="stmt"/>
        <line num="300" count="60" type="stmt"/>
        <line num="301" count="12" type="stmt"/>
      </file>
      <file name="arithmeticItems.ts" path="C:\Users\colin\Documents\mathFan\src\features\curriculum\arithmeticItems.ts">
        <metrics statements="72" coveredstatements="71" conditionals="42" coveredconditionals="40" methods="12" coveredmethods="12"/>
        <line num="3" count="21" type="stmt"/>
        <line num="4" count="21" type="stmt"/>
        <line num="5" count="21" type="stmt"/>
        <line num="8" count="332" type="stmt"/>
        <line num="12" count="11" type="stmt"/>
        <line num="13" count="11" type="stmt"/>
        <line num="14" count="11" type="stmt"/>
        <line num="19" count="1333" type="stmt"/>
        <line num="20" count="1333" type="cond" truecount="2" falsecount="0"/>
        <line num="21" count="1251" type="cond" truecount="2" falsecount="0"/>
        <line num="22" count="1189" type="cond" truecount="2" falsecount="0"/>
        <line num="23" count="530" type="cond" truecount="1" falsecount="1"/>
        <line num="24" count="0" type="stmt"/>
        <line num="27" count="1296" type="stmt"/>
        <line num="28" count="1365" type="stmt"/>
        <line num="29" count="170" type="stmt"/>
        <line num="34" count="548" type="stmt"/>
        <line num="55" count="2" type="stmt"/>
        <line num="56" count="2" type="cond" truecount="4" falsecount="0"/>
        <line num="57" count="2" type="stmt"/>
        <line num="58" count="2" type="stmt"/>
        <line num="59" count="2" type="stmt"/>
        <line num="60" count="2" type="stmt"/>
        <line num="61" count="2" type="cond" truecount="2" falsecount="0"/>
        <line num="62" count="48" type="stmt"/>
        <line num="63" count="48" type="stmt"/>
        <line num="64" count="48" type="stmt"/>
        <line num="65" count="48" type="stmt"/>
        <line num="66" count="48" type="cond" truecount="4" falsecount="0"/>
        <line num="67" count="40" type="stmt"/>
        <line num="68" count="40" type="stmt"/>
        <line num="70" count="2" type="stmt"/>
        <line num="77" count="615" type="stmt"/>
        <line num="78" count="615" type="stmt"/>
        <line num="79" count="615" type="stmt"/>
        <line num="100" count="2" type="stmt"/>
        <line num="101" count="2" type="cond" truecount="4" falsecount="0"/>
        <line num="102" count="2" type="stmt"/>
        <line num="103" count="2" type="stmt"/>
        <line num="104" count="2" type="stmt"/>
        <line num="105" count="2" type="stmt"/>
        <line num="106" count="2" type="cond" truecount="2" falsecount="0"/>
        <line num="107" count="58" type="stmt"/>
        <line num="108" count="58" type="stmt"/>
        <line num="109" count="58" type="stmt"/>
        <line num="110" count="58" type="stmt"/>
        <line num="111" count="58" type="cond" truecount="4" falsecount="0"/>
        <line num="112" count="55" type="stmt"/>
        <line num="113" count="55" type="stmt"/>
        <line num="115" count="2" type="stmt"/>
        <line num="121" count="170" type="stmt"/>
        <line num="148" count="2" type="stmt"/>
        <line num="149" count="2" type="stmt"/>
        <line num="150" count="2" type="cond" truecount="2" falsecount="0"/>
        <line num="151" count="2" type="cond" truecount="2" falsecount="0"/>
        <line num="153" count="2" type="stmt"/>
        <line num="154" count="2" type="stmt"/>
        <line num="155" count="2" type="stmt"/>
        <line num="156" count="2" type="cond" truecount="2" falsecount="0"/>
        <line num="157" count="60" type="stmt"/>
        <line num="158" count="60" type="stmt"/>
        <line num="160" count="60" type="cond" truecount="2" falsecount="0"/>
        <line num="162" count="32" type="stmt"/>
        <line num="163" count="32" type="stmt"/>
        <line num="164" count="32" type="cond" truecount="1" falsecount="1"/>
        <line num="165" count="32" type="stmt"/>
        <line num="167" count="28" type="stmt"/>
        <line num="169" count="60" type="stmt"/>
        <line num="170" count="60" type="cond" truecount="4" falsecount="0"/>
        <line num="171" count="55" type="stmt"/>
        <line num="172" count="55" type="stmt"/>
        <line num="174" count="2" type="stmt"/>
      </file>
      <file name="decimalItems.ts" path="C:\Users\colin\Documents\mathFan\src\features\curriculum\decimalItems.ts">
        <metrics statements="30" coveredstatements="30" conditionals="14" coveredconditionals="10" methods="10" coveredmethods="10"/>
        <line num="3" count="18" type="stmt"/>
        <line num="6" count="96" type="stmt"/>
        <line num="11" count="211" type="stmt"/>
        <line num="13" count="211" type="stmt"/>
        <line num="18" count="104" type="stmt"/>
        <line num="21" count="21" type="stmt"/>
        <line num="22" count="31" type="stmt"/>
        <line num="24" count="52" type="stmt"/>
        <line num="27" count="21" type="stmt"/>
        <line num="40" count="31" type="stmt"/>
        <line num="41" count="31" type="stmt"/>
        <line num="55" count="2" type="cond" truecount="2" falsecount="0"/>
        <line num="56" count="1" type="stmt"/>
        <line num="66" count="2" type="stmt"/>
        <line num="67" count="2" type="cond" truecount="1" falsecount="1"/>
        <line num="68" count="2" type="cond" truecount="1" falsecount="1"/>
        <line num="69" count="2" type="stmt"/>
        <line num="70" count="2" type="stmt"/>
        <line num="71" count="2" type="stmt"/>
        <line num="72" count="2" type="stmt"/>
        <line num="73" count="2" type="stmt"/>
        <line num="74" count="2" type="cond" truecount="2" falsecount="0"/>
        <line num="75" count="48" type="stmt"/>
        <line num="76" count="48" type="stmt"/>
        <line num="77" count="48" type="stmt"/>
        <line num="78" count="48" type="cond" truecount="2" falsecount="0"/>
        <line num="79" count="48" type="cond" truecount="2" falsecount="2"/>
        <line num="80" count="48" type="stmt"/>
        <line num="81" count="48" type="stmt"/>
        <line num="83" count="2" type="stmt"/>
      </file>
      <file name="describeItem.ts" path="C:\Users\colin\Documents\mathFan\src\features\curriculum\describeItem.ts">
        <metrics statements="67" coveredstatements="65" conditionals="66" coveredconditionals="56" methods="2" coveredmethods="2"/>
        <line num="18" count="42" type="stmt"/>
        <line num="19" count="42" type="cond" truecount="2" falsecount="0"/>
        <line num="22" count="30" type="stmt"/>
        <line num="23" count="30" type="cond" truecount="2" falsecount="0"/>
        <line num="26" count="29" type="stmt"/>
        <line num="27" count="29" type="cond" truecount="2" falsecount="0"/>
        <line num="30" count="28" type="stmt"/>
        <line num="31" count="28" type="cond" truecount="2" falsecount="0"/>
        <line num="34" count="27" type="stmt"/>
        <line num="35" count="27" type="cond" truecount="2" falsecount="0"/>
        <line num="38" count="26" type="stmt"/>
        <line num="39" count="26" type="cond" truecount="2" falsecount="0"/>
        <line num="42" count="25" type="stmt"/>
        <line num="43" count="25" type="cond" truecount="2" falsecount="0"/>
        <line num="46" count="24" type="stmt"/>
        <line num="47" count="24" type="cond" truecount="2" falsecount="0"/>
        <line num="48" count="2" type="stmt"/>
        <line num="51" count="2" type="cond" truecount="1" falsecount="1"/>
        <line num="52" count="2" type="cond" truecount="1" falsecount="1"/>
        <line num="53" count="2" type="stmt"/>
        <line num="57" count="22" type="stmt"/>
        <line num="58" count="22" type="cond" truecount="2" falsecount="0"/>
        <line num="61" count="21" type="stmt"/>
        <line num="62" count="21" type="cond" truecount="2" falsecount="0"/>
        <line num="65" count="20" type="stmt"/>
        <line num="66" count="20" type="cond" truecount="2" falsecount="0"/>
        <line num="69" count="19" type="stmt"/>
        <line num="70" count="19" type="cond" truecount="2" falsecount="0"/>
        <line num="73" count="18" type="stmt"/>
        <line num="74" count="18" type="cond" truecount="2" falsecount="0"/>
        <line num="77" count="17" type="stmt"/>
        <line num="78" count="17" type="cond" truecount="2" falsecount="0"/>
        <line num="81" count="16" type="stmt"/>
        <line num="82" count="16" type="cond" truecount="2" falsecount="0"/>
        <line num="85" count="14" type="stmt"/>
        <line num="86" count="14" type="cond" truecount="2" falsecount="0"/>
        <line num="89" count="13" type="stmt"/>
        <line num="90" count="13" type="cond" truecount="2" falsecount="0"/>
        <line num="91" count="2" type="stmt"/>
        <line num="92" count="2" type="stmt"/>
        <line num="96" count="11" type="stmt"/>
        <line num="97" count="11" type="cond" truecount="2" falsecount="0"/>
        <line num="98" count="1" type="stmt"/>
        <line num="99" count="1" type="stmt"/>
        <line num="103" count="10" type="stmt"/>
        <line num="104" count="10" type="cond" truecount="2" falsecount="0"/>
        <line num="107" count="8" type="cond" truecount="2" falsecount="0"/>
        <line num="110" count="7" type="stmt"/>
        <line num="111" count="7" type="cond" truecount="2" falsecount="0"/>
        <line num="114" count="6" type="stmt"/>
        <line num="115" count="6" type="cond" truecount="2" falsecount="0"/>
        <line num="118" count="5" type="stmt"/>
        <line num="119" count="5" type="cond" truecount="2" falsecount="0"/>
        <line num="122" count="4" type="stmt"/>
        <line num="123" count="4" type="cond" truecount="2" falsecount="0"/>
        <line num="126" count="3" type="stmt"/>
        <line num="127" count="3" type="cond" truecount="2" falsecount="0"/>
        <line num="130" count="2" type="stmt"/>
        <line num="131" count="2" type="cond" truecount="1" falsecount="1"/>
        <line num="134" count="2" type="stmt"/>
        <line num="135" count="2" type="cond" truecount="2" falsecount="0"/>
        <line num="138" count="1" type="stmt"/>
        <line num="139" count="1" type="cond" truecount="1" falsecount="1"/>
        <line num="140" count="0" type="cond" truecount="0" falsecount="2"/>
        <line num="143" count="0" type="stmt"/>
        <line num="145" count="1" type="stmt"/>
        <line num="149" count="7" type="stmt"/>
      </file>
      <file name="fractionItems.ts" path="C:\Users\colin\Documents\mathFan\src\features\curriculum\fractionItems.ts">
        <metrics statements="51" coveredstatements="51" conditionals="38" coveredconditionals="32" methods="12" coveredmethods="12"/>
        <line num="3" count="22" type="stmt"/>
        <line num="6" count="162" type="stmt"/>
        <line num="10" count="55" type="cond" truecount="2" falsecount="0"/>
        <line num="14" count="578" type="stmt"/>
        <line num="17" count="211" type="stmt"/>
        <line num="20" count="259" type="stmt"/>
        <line num="26" count="115" type="stmt"/>
        <line num="44" count="183" type="stmt"/>
        <line num="45" count="183" type="stmt"/>
        <line num="46" count="183" type="stmt"/>
        <line num="61" count="3" type="cond" truecount="2" falsecount="0"/>
        <line num="62" count="3" type="cond" truecount="2" falsecount="0"/>
        <line num="63" count="3" type="cond" truecount="2" falsecount="0"/>
        <line num="64" count="3" type="cond" truecount="2" falsecount="0"/>
        <line num="65" count="3" type="stmt"/>
        <line num="71" count="1" type="stmt"/>
        <line num="72" count="1" type="stmt"/>
        <line num="73" count="1" type="stmt"/>
        <line num="74" count="1" type="stmt"/>
        <line num="75" count="1" type="cond" truecount="2" falsecount="0"/>
        <line num="76" count="15" type="stmt"/>
        <line num="77" count="15" type="stmt"/>
        <line num="78" count="15" type="stmt"/>
        <line num="79" count="15" type="cond" truecount="3" falsecount="1"/>
        <line num="80" count="15" type="cond" truecount="2" falsecount="0"/>
        <line num="81" count="12" type="stmt"/>
        <line num="82" count="12" type="stmt"/>
        <line num="83" count="12" type="cond" truecount="2" falsecount="2"/>
        <line num="84" count="12" type="stmt"/>
        <line num="85" count="12" type="stmt"/>
        <line num="87" count="1" type="stmt"/>
        <line num="93" count="103" type="stmt"/>
        <line num="94" count="103" type="stmt"/>
        <line num="95" count="103" type="cond" truecount="4" falsecount="0"/>
        <line num="96" count="103" type="stmt"/>
        <line num="112" count="2" type="stmt"/>
        <line num="113" count="2" type="stmt"/>
        <line num="114" count="2" type="stmt"/>
        <line num="115" count="2" type="stmt"/>
        <line num="116" count="2" type="cond" truecount="2" falsecount="0"/>
        <line num="117" count="30" type="stmt"/>
        <line num="118" count="30" type="stmt"/>
        <line num="119" count="30" type="stmt"/>
        <line num="120" count="30" type="stmt"/>
        <line num="121" count="30" type="stmt"/>
        <line num="122" count="30" type="stmt"/>
        <line num="123" count="30" type="cond" truecount="2" falsecount="2"/>
        <line num="124" count="30" type="stmt"/>
        <line num="125" count="30" type="stmt"/>
        <line num="127" count="2" type="stmt"/>
        <line num="134" count="1" type="cond" truecount="1" falsecount="1"/>
      </file>
      <file name="geometryItems.ts" path="C:\Users\colin\Documents\mathFan\src\features\curriculum\geometryItems.ts">
        <metrics statements="9" coveredstatements="9" conditionals="3" coveredconditionals="3" methods="4" coveredmethods="4"/>
        <line num="3" count="18" type="stmt"/>
        <line num="12" count="288" type="stmt"/>
        <line num="27" count="18" type="stmt"/>
        <line num="38" count="18" type="stmt"/>
        <line num="67" count="18" type="stmt"/>
        <line num="106" count="18" type="stmt"/>
        <line num="112" count="18" type="stmt"/>
        <line num="113" count="288" type="stmt"/>
        <line num="117" count="176" type="stmt"/>
      </file>
      <file name="makeItemFromId.ts" path="C:\Users\colin\Documents\mathFan\src\features\curriculum\makeItemFromId.ts">
        <metrics statements="78" coveredstatements="78" conditionals="70" coveredconditionals="69" methods="1" coveredmethods="1"/>
        <line num="24" count="8175" type="stmt"/>
        <line num="25" count="8175" type="cond" truecount="2" falsecount="0"/>
        <line num="27" count="7154" type="stmt"/>
        <line num="28" count="7154" type="cond" truecount="2" falsecount="0"/>
        <line num="32" count="7049" type="stmt"/>
        <line num="33" count="7049" type="cond" truecount="2" falsecount="0"/>
        <line num="35" count="6674" type="stmt"/>
        <line num="36" count="6674" type="cond" truecount="2" falsecount="0"/>
        <line num="38" count="6170" type="stmt"/>
        <line num="39" count="6170" type="cond" truecount="2" falsecount="0"/>
        <line num="41" count="5617" type="stmt"/>
        <line num="42" count="5617" type="cond" truecount="2" falsecount="0"/>
        <line num="45" count="5563" type="stmt"/>
        <line num="46" count="5563" type="cond" truecount="2" falsecount="0"/>
        <line num="47" count="152" type="stmt"/>
        <line num="48" count="152" type="cond" truecount="1" falsecount="1"/>
        <line num="49" count="152" type="stmt"/>
        <line num="52" count="5411" type="stmt"/>
        <line num="53" count="5411" type="cond" truecount="2" falsecount="0"/>
        <line num="55" count="5355" type="stmt"/>
        <line num="56" count="5355" type="cond" truecount="2" falsecount="0"/>
        <line num="58" count="5102" type="stmt"/>
        <line num="59" count="5102" type="cond" truecount="2" falsecount="0"/>
        <line num="61" count="5099" type="stmt"/>
        <line num="62" count="5099" type="cond" truecount="2" falsecount="0"/>
        <line num="65" count="5095" type="stmt"/>
        <line num="66" count="5095" type="cond" truecount="2" falsecount="0"/>
        <line num="67" count="1" type="stmt"/>
        <line num="68" count="1" type="stmt"/>
        <line num="69" count="1" type="stmt"/>
        <line num="72" count="5094" type="stmt"/>
        <line num="73" count="5094" type="cond" truecount="2" falsecount="0"/>
        <line num="74" count="1" type="stmt"/>
        <line num="75" count="1" type="stmt"/>
        <line num="76" count="1" type="stmt"/>
        <line num="79" count="5093" type="stmt"/>
        <line num="80" count="5093" type="cond" truecount="2" falsecount="0"/>
        <line num="82" count="4534" type="stmt"/>
        <line num="83" count="4534" type="cond" truecount="2" falsecount="0"/>
        <line num="85" count="4126" type="stmt"/>
        <line num="86" count="4126" type="cond" truecount="2" falsecount="0"/>
        <line num="88" count="3497" type="stmt"/>
        <line num="89" count="3497" type="cond" truecount="2" falsecount="0"/>
        <line num="92" count="2792" type="stmt"/>
        <line num="93" count="2792" type="cond" truecount="2" falsecount="0"/>
        <line num="96" count="2682" type="stmt"/>
        <line num="97" count="2682" type="cond" truecount="2" falsecount="0"/>
        <line num="100" count="2606" type="stmt"/>
        <line num="101" count="2606" type="cond" truecount="2" falsecount="0"/>
        <line num="104" count="2460" type="stmt"/>
        <line num="105" count="2460" type="cond" truecount="2" falsecount="0"/>
        <line num="108" count="2337" type="stmt"/>
        <line num="109" count="2337" type="cond" truecount="2" falsecount="0"/>
        <line num="112" count="2251" type="stmt"/>
        <line num="113" count="2251" type="cond" truecount="2" falsecount="0"/>
        <line num="116" count="2115" type="stmt"/>
        <line num="117" count="2115" type="cond" truecount="2" falsecount="0"/>
        <line num="120" count="2042" type="stmt"/>
        <line num="121" count="2042" type="cond" truecount="2" falsecount="0"/>
        <line num="124" count="1969" type="stmt"/>
        <line num="125" count="1969" type="cond" truecount="2" falsecount="0"/>
        <line num="128" count="1895" type="stmt"/>
        <line num="129" count="1895" type="cond" truecount="2" falsecount="0"/>
        <line num="132" count="1821" type="stmt"/>
        <line num="133" count="1821" type="cond" truecount="2" falsecount="0"/>
        <line num="136" count="1506" type="stmt"/>
        <line num="137" count="1506" type="cond" truecount="2" falsecount="0"/>
        <line num="140" count="1265" type="stmt"/>
        <line num="141" count="1265" type="cond" truecount="2" falsecount="0"/>
        <line num="144" count="1018" type="stmt"/>
        <line num="145" count="1018" type="cond" truecount="2" falsecount="0"/>
        <line num="148" count="774" type="stmt"/>
        <line num="149" count="774" type="cond" truecount="2" falsecount="0"/>
        <line num="152" count="525" type="stmt"/>
        <line num="153" count="525" type="cond" truecount="2" falsecount="0"/>
        <line num="156" count="239" type="stmt"/>
        <line num="157" count="239" type="cond" truecount="2" falsecount="0"/>
        <line num="159" count="4" type="stmt"/>
      </file>
      <file name="measurementItems.ts" path="C:\Users\colin\Documents\mathFan\src\features\curriculum\measurementItems.ts">
        <metrics statements="28" coveredstatements="28" conditionals="6" coveredconditionals="6" methods="14" coveredmethods="14"/>
        <line num="5" count="1742" type="stmt"/>
        <line num="6" count="1742" type="stmt"/>
        <line num="7" count="630" type="stmt"/>
        <line num="8" count="315" type="stmt"/>
        <line num="13" count="747" type="stmt"/>
        <line num="17" count="315" type="stmt"/>
        <line num="18" count="315" type="stmt"/>
        <line num="19" count="315" type="stmt"/>
        <line num="20" count="315" type="stmt"/>
        <line num="23" count="315" type="stmt"/>
        <line num="24" count="315" type="stmt"/>
        <line num="25" count="315" type="stmt"/>
        <line num="26" count="315" type="stmt"/>
        <line num="28" count="315" type="stmt"/>
        <line num="46" count="581" type="stmt"/>
        <line num="50" count="241" type="stmt"/>
        <line num="51" count="241" type="stmt"/>
        <line num="69" count="19" type="stmt"/>
        <line num="77" count="591" type="stmt"/>
        <line num="81" count="251" type="stmt"/>
        <line num="82" count="251" type="stmt"/>
        <line num="83" count="251" type="cond" truecount="2" falsecount="0"/>
        <line num="86" count="251" type="cond" truecount="2" falsecount="0"/>
        <line num="87" count="251" type="stmt"/>
        <line num="104" count="587" type="stmt"/>
        <line num="108" count="247" type="stmt"/>
        <line num="125" count="584" type="stmt"/>
        <line num="129" count="244" type="stmt"/>
      </file>
      <file name="mulPropertiesItems.ts" path="C:\Users\colin\Documents\mathFan\src\features\curriculum\mulPropertiesItems.ts">
        <metrics statements="20" coveredstatements="20" conditionals="0" coveredconditionals="0" methods="11" coveredmethods="11"/>
        <line num="4" count="346" type="stmt"/>
        <line num="8" count="185" type="stmt"/>
        <line num="12" count="185" type="stmt"/>
        <line num="16" count="201" type="stmt"/>
        <line num="20" count="201" type="stmt"/>
        <line num="25" count="136" type="stmt"/>
        <line num="42" count="73" type="stmt"/>
        <line num="59" count="73" type="stmt"/>
        <line num="76" count="87" type="stmt"/>
        <line num="93" count="87" type="stmt"/>
        <line num="110" count="14" type="stmt"/>
        <line num="112" count="14" type="stmt"/>
        <line num="117" count="210" type="stmt"/>
        <line num="119" count="112" type="stmt"/>
        <line num="121" count="112" type="stmt"/>
        <line num="123" count="14" type="stmt"/>
        <line num="127" count="112" type="stmt"/>
        <line num="129" count="14" type="stmt"/>
        <line num="133" count="112" type="stmt"/>
        <line num="134" count="14" type="stmt"/>
      </file>
      <file name="multiplicationItems.ts" path="C:\Users\colin\Documents\mathFan\src\features\curriculum\multiplicationItems.ts">
        <metrics statements="74" coveredstatements="74" conditionals="32" coveredconditionals="30" methods="16" coveredmethods="16"/>
        <line num="3" count="31" type="stmt"/>
        <line num="4" count="31" type="stmt"/>
        <line num="6" count="31" type="stmt"/>
        <line num="7" count="31" type="stmt"/>
        <line num="9" count="8410" type="stmt"/>
        <line num="10" count="6024" type="stmt"/>
        <line num="11" count="4689" type="stmt"/>
        <line num="14" count="12" type="stmt"/>
        <line num="15" count="12" type="cond" truecount="1" falsecount="1"/>
        <line num="19" count="14977" type="stmt"/>
        <line num="20" count="14977" type="stmt"/>
        <line num="21" count="14977" type="cond" truecount="2" falsecount="0"/>
        <line num="22" count="12419" type="cond" truecount="4" falsecount="0"/>
        <line num="23" count="9374" type="cond" truecount="2" falsecount="0"/>
        <line num="24" count="8022" type="cond" truecount="2" falsecount="0"/>
        <line num="25" count="5219" type="cond" truecount="2" falsecount="0"/>
        <line num="26" count="3737" type="stmt"/>
        <line num="35" count="34" type="stmt"/>
        <line num="36" count="34" type="stmt"/>
        <line num="37" count="408" type="stmt"/>
        <line num="38" count="4896" type="stmt"/>
        <line num="51" count="34" type="stmt"/>
        <line num="58" count="33" type="stmt"/>
        <line num="59" count="33" type="stmt"/>
        <line num="60" count="393" type="stmt"/>
        <line num="61" count="4689" type="stmt"/>
        <line num="62" count="4689" type="stmt"/>
        <line num="75" count="33" type="stmt"/>
        <line num="82" count="33" type="stmt"/>
        <line num="83" count="33" type="stmt"/>
        <line num="84" count="393" type="stmt"/>
        <line num="85" count="4689" type="stmt"/>
        <line num="86" count="4689" type="stmt"/>
        <line num="99" count="33" type="stmt"/>
        <line num="105" count="108" type="stmt"/>
        <line num="109" count="607" type="stmt"/>
        <line num="131" count="1" type="stmt"/>
        <line num="132" count="1" type="stmt"/>
        <line num="133" count="1" type="stmt"/>
        <line num="134" count="1" type="stmt"/>
        <line num="135" count="1" type="stmt"/>
        <line num="136" count="1" type="stmt"/>
        <line num="137" count="1" type="cond" truecount="2" falsecount="0"/>
        <line num="138" count="54" type="stmt"/>
        <line num="139" count="54" type="stmt"/>
        <line num="140" count="54" type="stmt"/>
        <line num="141" count="54" type="stmt"/>
        <line num="142" count="54" type="cond" truecount="4" falsecount="0"/>
        <line num="143" count="30" type="stmt"/>
        <line num="144" count="30" type="stmt"/>
        <line num="146" count="1" type="stmt"/>
        <line num="153" count="8" type="stmt"/>
        <line num="154" count="8" type="stmt"/>
        <line num="155" count="96" type="stmt"/>
        <line num="167" count="8" type="stmt"/>
        <line num="172" count="2" type="stmt"/>
        <line num="173" count="2" type="stmt"/>
        <line num="174" count="2" type="stmt"/>
        <line num="175" count="5" type="stmt"/>
        <line num="176" count="60" type="cond" truecount="1" falsecount="1"/>
        <line num="177" count="60" type="stmt"/>
        <line num="178" count="60" type="stmt"/>
        <line num="182" count="2" type="stmt"/>
        <line num="187" count="5" type="cond" truecount="2" falsecount="0"/>
        <line num="188" count="112" type="stmt"/>
        <line num="189" count="4" type="stmt"/>
        <line num="190" count="4" type="stmt"/>
        <line num="191" count="9" type="stmt"/>
        <line num="192" count="84" type="cond" truecount="2" falsecount="0"/>
        <line num="193" count="80" type="stmt"/>
        <line num="196" count="4" type="stmt"/>
        <line num="201" count="31" type="stmt"/>
        <line num="207" count="31" type="stmt"/>
        <line num="208" count="13392" type="stmt"/>
      </file>
      <file name="numberTheoryItems.ts" path="C:\Users\colin\Documents\mathFan\src\features\curriculum\numberTheoryItems.ts">
        <metrics statements="32" coveredstatements="32" conditionals="28" coveredconditionals="24" methods="8" coveredmethods="8"/>
        <line num="3" count="18" type="stmt"/>
        <line num="6" count="61" type="stmt"/>
        <line num="10" count="43" type="cond" truecount="2" falsecount="0"/>
        <line num="11" count="85" type="cond" truecount="2" falsecount="0"/>
        <line num="12" count="15" type="stmt"/>
        <line num="15" count="38" type="stmt"/>
        <line num="16" count="36" type="stmt"/>
        <line num="19" count="38" type="stmt"/>
        <line num="34" count="36" type="stmt"/>
        <line num="50" count="1" type="cond" truecount="1" falsecount="1"/>
        <line num="51" count="1" type="cond" truecount="1" falsecount="1"/>
        <line num="52" count="1" type="stmt"/>
        <line num="58" count="5" type="cond" truecount="2" falsecount="0"/>
        <line num="59" count="5" type="cond" truecount="2" falsecount="0"/>
        <line num="60" count="5" type="stmt"/>
        <line num="61" count="5" type="stmt"/>
        <line num="62" count="5" type="stmt"/>
        <line num="63" count="5" type="cond" truecount="2" falsecount="0"/>
        <line num="64" count="47" type="stmt"/>
        <line num="66" count="47" type="cond" truecount="2" falsecount="0"/>
        <line num="67" count="33" type="stmt"/>
        <line num="68" count="33" type="stmt"/>
        <line num="69" count="33" type="cond" truecount="4" falsecount="0"/>
        <line num="70" count="29" type="stmt"/>
        <line num="71" count="29" type="stmt"/>
        <line num="73" count="14" type="stmt"/>
        <line num="74" count="14" type="stmt"/>
        <line num="75" count="14" type="stmt"/>
        <line num="76" count="14" type="cond" truecount="2" falsecount="2"/>
        <line num="77" count="14" type="stmt"/>
        <line num="78" count="14" type="stmt"/>
        <line num="81" count="5" type="stmt"/>
      </file>
      <file name="patternItems.ts" path="C:\Users\colin\Documents\mathFan\src\features\curriculum\patternItems.ts">
        <metrics statements="7" coveredstatements="7" conditionals="2" coveredconditionals="2" methods="2" coveredmethods="2"/>
        <line num="3" count="18" type="stmt"/>
        <line num="14" count="555" type="stmt"/>
        <line num="20" count="235" type="stmt"/>
        <line num="21" count="964" type="stmt"/>
        <line num="22" count="235" type="stmt"/>
        <line num="23" count="235" type="stmt"/>
        <line num="24" count="235" type="stmt"/>
      </file>
      <file name="roundingItems.ts" path="C:\Users\colin\Documents\mathFan\src\features\curriculum\roundingItems.ts">
        <metrics statements="31" coveredstatements="29" conditionals="28" coveredconditionals="21" methods="8" coveredmethods="8"/>
        <line num="3" count="18" type="stmt"/>
        <line num="6" count="32" type="stmt"/>
        <line num="10" count="619" type="stmt"/>
        <line num="14" count="287" type="stmt"/>
        <line num="18" count="269" type="cond" truecount="4" falsecount="0"/>
        <line num="19" count="269" type="stmt"/>
        <line num="35" count="1" type="cond" truecount="1" falsecount="1"/>
        <line num="36" count="1" type="cond" truecount="1" falsecount="1"/>
        <line num="37" count="0" type="stmt"/>
        <line num="40" count="1" type="cond" truecount="1" falsecount="1"/>
        <line num="41" count="1" type="cond" truecount="1" falsecount="1"/>
        <line num="42" count="0" type="stmt"/>
        <line num="48" count="1" type="stmt"/>
        <line num="49" count="1" type="cond" truecount="2" falsecount="0"/>
        <line num="50" count="1" type="cond" truecount="2" falsecount="0"/>
        <line num="52" count="1" type="stmt"/>
        <line num="53" count="3" type="stmt"/>
        <line num="54" count="1" type="cond" truecount="1" falsecount="1"/>
        <line num="55" count="1" type="stmt"/>
        <line num="56" count="1" type="stmt"/>
        <line num="57" count="1" type="stmt"/>
        <line num="58" count="1" type="cond" truecount="2" falsecount="0"/>
        <line num="59" count="16" type="stmt"/>
        <line num="60" count="16" type="stmt"/>
        <line num="61" count="16" type="stmt"/>
        <line num="63" count="16" type="cond" truecount="2" falsecount="0"/>
        <line num="64" count="15" type="stmt"/>
        <line num="65" count="15" type="cond" truecount="2" falsecount="2"/>
        <line num="66" count="15" type="stmt"/>
        <line num="67" count="15" type="stmt"/>
        <line num="69" count="1" type="stmt"/>
      </file>
      <file name="twoStepItems.ts" path="C:\Users\colin\Documents\mathFan\src\features\curriculum\twoStepItems.ts">
        <metrics statements="20" coveredstatements="20" conditionals="6" coveredconditionals="6" methods="3" coveredmethods="3"/>
        <line num="3" count="18" type="stmt"/>
        <line num="7" count="18" type="stmt"/>
        <line num="8" count="18" type="stmt"/>
        <line num="9" count="582" type="stmt"/>
        <line num="14" count="675" type="stmt"/>
        <line num="20" count="291" type="stmt"/>
        <line num="21" count="291" type="stmt"/>
        <line num="22" count="291" type="stmt"/>
        <line num="27" count="291" type="cond" truecount="2" falsecount="0"/>
        <line num="29" count="74" type="stmt"/>
        <line num="30" count="74" type="stmt"/>
        <line num="31" count="217" type="cond" truecount="2" falsecount="0"/>
        <line num="33" count="69" type="stmt"/>
        <line num="34" count="69" type="stmt"/>
        <line num="35" count="148" type="cond" truecount="2" falsecount="0"/>
        <line num="37" count="74" type="stmt"/>
        <line num="38" count="74" type="stmt"/>
        <line num="41" count="74" type="stmt"/>
        <line num="42" count="74" type="stmt"/>
        <line num="45" count="291" type="stmt"/>
      </file>
      <file name="wordProblemItems.ts" path="C:\Users\colin\Documents\mathFan\src\features\curriculum\wordProblemItems.ts">
        <metrics statements="43" coveredstatements="43" conditionals="26" coveredconditionals="23" methods="7" coveredmethods="7"/>
        <line num="3" count="21" type="stmt"/>
        <line num="6" count="162" type="stmt"/>
        <line num="8" count="1600" type="stmt"/>
        <line num="12" count="2" type="cond" truecount="1" falsecount="1"/>
        <line num="13" count="2" type="cond" truecount="2" falsecount="0"/>
        <line num="14" count="1" type="stmt"/>
        <line num="19" count="2313" type="stmt"/>
        <line num="24" count="21" type="stmt"/>
        <line num="25" count="21" type="stmt"/>
        <line num="26" count="21" type="stmt"/>
        <line num="32" count="783" type="cond" truecount="2" falsecount="0"/>
        <line num="33" count="372" type="stmt"/>
        <line num="34" count="372" type="stmt"/>
        <line num="35" count="372" type="stmt"/>
        <line num="36" count="411" type="cond" truecount="2" falsecount="0"/>
        <line num="37" count="76" type="stmt"/>
        <line num="38" count="76" type="stmt"/>
        <line num="39" count="76" type="stmt"/>
        <line num="40" count="335" type="cond" truecount="2" falsecount="0"/>
        <line num="41" count="232" type="stmt"/>
        <line num="42" count="29" type="stmt"/>
        <line num="43" count="29" type="stmt"/>
        <line num="46" count="306" type="stmt"/>
        <line num="47" count="306" type="stmt"/>
        <line num="48" count="306" type="stmt"/>
        <line num="51" count="783" type="stmt"/>
        <line num="65" count="21" type="stmt"/>
[...]
        <line num="99" count="0" type="stmt"/>
        <line num="100" count="0" type="stmt"/>
        <line num="101" count="0" type="cond" truecount="0" falsecount="4"/>
        <line num="102" count="0" type="stmt"/>
        <line num="108" count="0" type="cond" truecount="0" falsecount="2"/>
        <line num="109" count="0" type="stmt"/>
        <line num="110" count="0" type="cond" truecount="0" falsecount="4"/>
        <line num="111" count="0" type="stmt"/>
        <line num="120" count="0" type="stmt"/>
        <line num="121" count="0" type="stmt"/>
        <line num="122" count="0" type="stmt"/>
        <line num="127" count="22" type="cond" truecount="4" falsecount="0"/>
        <line num="128" count="18" type="stmt"/>
        <line num="129" count="18" type="stmt"/>
      </file>
    </package>
    <package name="features.time">
      <metrics statements="26" coveredstatements="23" conditionals="8" coveredconditionals="2" methods="10" coveredmethods="10"/>
      <file name="clock.ts" path="C:\Users\colin\Documents\mathFan\src\features\time\clock.ts">
        <metrics statements="26" coveredstatements="23" conditionals="8" coveredconditionals="2" methods="10" coveredmethods="10"/>
        <line num="16" count="4" type="stmt"/>
        <line num="19" count="4" type="stmt"/>
        <line num="20" count="4" type="stmt"/>
        <line num="31" count="4" type="stmt"/>
        <line num="32" count="4" type="stmt"/>
        <line num="33" count="4" type="cond" truecount="1" falsecount="1"/>
        <line num="34" count="0" type="stmt"/>
        <line num="35" count="0" type="cond" truecount="0" falsecount="5"/>
        <line num="36" count="0" type="stmt"/>
        <line num="41" count="4" type="stmt"/>
        <line num="42" count="4" type="stmt"/>
        <line num="45" count="4" type="stmt"/>
        <line num="48" count="3" type="stmt"/>
        <line num="53" count="35" type="stmt"/>
        <line num="58" count="27" type="stmt"/>
        <line num="63" count="3" type="stmt"/>
        <line num="64" count="3" type="stmt"/>
        <line num="65" count="3" type="stmt"/>
        <line num="69" count="3" type="stmt"/>
        <line num="73" count="2" type="stmt"/>
        <line num="77" count="2" type="stmt"/>
        <line num="81" count="1" type="stmt"/>
        <line num="86" count="8" type="stmt"/>
        <line num="87" count="8" type="stmt"/>
        <line num="88" count="8" type="stmt"/>
        <line num="91" count="4" type="stmt"/>
      </file>
    </package>
    <package name="features.visuals">
      <metrics statements="236" coveredstatements="145" conditionals="239" coveredconditionals="149" methods="40" coveredmethods="23"/>
      <file name="AreaGrid.tsx" path="C:\Users\colin\Documents\mathFan\src\features\visuals\AreaGrid.tsx">
        <metrics statements="19" coveredstatements="19" conditionals="24" coveredconditionals="23" methods="3" coveredmethods="3"/>
        <line num="17" count="3" type="stmt"/>
        <line num="20" count="5" type="stmt"/>
        <line num="21" count="5" type="stmt"/>
        <line num="23" count="5" type="cond" truecount="2" falsecount="0"/>
        <line num="24" count="1" type="stmt"/>
        <line num="25" count="1" type="stmt"/>
        <line num="26" count="1" type="stmt"/>
        <line num="27" count="1" type="stmt"/>
        <line num="29" count="1" type="stmt"/>
        <line num="42" count="4" type="stmt"/>
        <line num="46" count="5" type="stmt"/>
        <line num="55" count="4" type="stmt"/>
        <line num="56" count="4" type="stmt"/>
        <line num="57" count="4" type="stmt"/>
        <line num="58" count="4" type="stmt"/>
        <line num="59" count="4" type="stmt"/>
        <line num="60" count="4" type="cond" truecount="2" falsecount="0"/>
        <line num="61" count="5" type="cond" truecount="2" falsecount="0"/>
        <line num="69" count="5" type="stmt"/>
      </file>
      <file name="ArrayModel.tsx" path="C:\Users\colin\Documents\mathFan\src\features\visuals\ArrayModel.tsx">
        <metrics statements="16" coveredstatements="15" conditionals="6" coveredconditionals="4" methods="3" coveredmethods="3"/>
        <line num="18" count="3" type="stmt"/>
        <line num="19" count="3" type="stmt"/>
        <line num="20" count="3" type="stmt"/>
        <line num="23" count="26" type="stmt"/>
        <line num="24" count="26" type="stmt"/>
        <line num="25" count="26" type="stmt"/>
        <line num="27" count="26" type="cond" truecount="1" falsecount="1"/>
        <line num="28" count="0" type="stmt"/>
        <line num="35" count="26" type="stmt"/>
        <line num="36" count="26" type="stmt"/>
        <line num="38" count="26" type="cond" truecount="1" falsecount="1"/>
        <line num="40" count="26" type="stmt"/>
        <line num="57" count="54" type="stmt"/>
        <line num="58" count="216" type="stmt"/>
        <line num="59" count="216" type="stmt"/>
        <line num="60" count="216" type="stmt"/>
      </file>
      <file name="ClockModel.tsx" path="C:\Users\colin\Documents\mathFan\src\features\visuals\ClockModel.tsx">
        <metrics statements="23" coveredstatements="0" conditionals="5" coveredconditionals="0" methods="4" coveredmethods="0"/>
        <line num="8" count="0" type="stmt"/>
        <line num="9" count="0" type="stmt"/>
        <line num="10" count="0" type="stmt"/>
        <line num="13" count="0" type="stmt"/>
        <line num="14" count="0" type="stmt"/>
        <line num="15" count="0" type="stmt"/>
        <line num="16" count="0" type="stmt"/>
        <line num="17" count="0" type="stmt"/>
        <line num="20" count="0" type="stmt"/>
        <line num="21" count="0" type="stmt"/>
        <line num="22" count="0" type="stmt"/>
        <line num="23" count="0" type="stmt"/>
        <line num="24" count="0" type="stmt"/>
        <line num="27" count="0" type="stmt"/>
        <line num="28" count="0" type="stmt"/>
        <line num="29" count="0" type="stmt"/>
        <line num="30" count="0" type="cond" truecount="0" falsecount="2"/>
        <line num="31" count="0" type="stmt"/>
        <line num="41" count="0" type="stmt"/>
        <line num="48" count="0" type="stmt"/>
        <line num="50" count="0" type="stmt"/>
        <line num="62" count="0" type="stmt"/>
        <line num="72" count="0" type="stmt"/>
      </file>
      <file name="EqualGroupsModel.tsx" path="C:\Users\colin\Documents\mathFan\src\features\visuals\EqualGroupsModel.tsx">
        <metrics statements="8" coveredstatements="8" conditionals="11" coveredconditionals="9" methods="3" coveredmethods="3"/>
        <line num="20" count="3" type="stmt"/>
        <line num="30" count="2" type="stmt"/>
        <line num="31" count="2" type="stmt"/>
        <line num="32" count="2" type="stmt"/>
        <line num="34" count="2" type="cond" truecount="2" falsecount="0"/>
        <line num="40" count="2" type="stmt"/>
        <line num="53" count="6" type="stmt"/>
        <line num="70" count="24" type="stmt"/>
      </file>
      <file name="FractionBar.tsx" path="C:\Users\colin\Documents\mathFan\src\features\visuals\FractionBar.tsx">
        <metrics statements="8" coveredstatements="2" conditionals="13" coveredconditionals="0" methods="2" coveredmethods="0"/>
        <line num="26" count="3" type="stmt"/>
        <line num="27" count="3" type="stmt"/>
        <line num="38" count="0" type="stmt"/>
        <line num="39" count="0" type="stmt"/>
        <line num="41" count="0" type="stmt"/>
        <line num="43" count="0" type="cond" truecount="0" falsecount="2"/>
        <line num="45" count="0" type="stmt"/>
        <line num="63" count="0" type="stmt"/>
      </file>
      <file name="FractionNumberLine.tsx" path="C:\Users\colin\Documents\mathFan\src\features\visuals\FractionNumberLine.tsx">
        <metrics statements="12" coveredstatements="12" conditionals="19" coveredconditionals="9" methods="4" coveredmethods="4"/>
        <line num="25" count="3" type="stmt"/>
        <line num="26" count="3" type="stmt"/>
        <line num="27" count="3" type="stmt"/>
        <line num="28" count="3" type="stmt"/>
        <line num="29" count="3" type="stmt"/>
        <line num="37" count="1" type="stmt"/>
        <line num="38" count="1" type="cond" truecount="1" falsecount="2"/>
        <line num="39" count="1" type="cond" truecount="1" falsecount="1"/>
        <line num="42" count="10" type="stmt"/>
        <line num="45" count="5" type="stmt"/>
        <line num="47" count="1" type="stmt"/>
        <line num="87" count="5" type="stmt"/>
      </file>
      <file name="FractionText.tsx" path="C:\Users\colin\Documents\mathFan\src\features\visuals\FractionText.tsx">
        <metrics statements="2" coveredstatements="2" conditionals="5" coveredconditionals="4" methods="1" coveredmethods="1"/>
        <line num="22" count="7" type="cond" truecount="2" falsecount="0"/>
        <line num="24" count="7" type="stmt"/>
      </file>
      <file name="MathPrompt.tsx" path="C:\Users\colin\Documents\mathFan\src\features\visuals\MathPrompt.tsx">
        <metrics statements="12" coveredstatements="12" conditionals="6" coveredconditionals="6" methods="2" coveredmethods="2"/>
        <line num="19" count="4" type="stmt"/>
        <line num="20" count="4" type="cond" truecount="2" falsecount="0"/>
        <line num="22" count="3" type="stmt"/>
        <line num="23" count="3" type="stmt"/>
        <line num="25" count="3" type="stmt"/>
        <line num="26" count="5" type="cond" truecount="2" falsecount="0"/>
        <line num="27" count="2" type="stmt"/>
        <line num="29" count="5" type="stmt"/>
        <line num="32" count="5" type="stmt"/>
        <line num="35" count="3" type="cond" truecount="2" falsecount="0"/>
        <line num="36" count="1" type="stmt"/>
        <line num="39" count="3" type="stmt"/>
      </file>
      <file name="RectilinearAreaModel.tsx" path="C:\Users\colin\Documents\mathFan\src\features\visuals\RectilinearAreaModel.tsx">
        <metrics statements="17" coveredstatements="17" conditionals="8" coveredconditionals="7" methods="1" coveredmethods="1"/>
        <line num="9" count="3" type="stmt"/>
        <line num="10" count="3" type="stmt"/>
        <line num="11" count="3" type="stmt"/>
        <line num="24" count="3" type="cond" truecount="1" falsecount="1"/>
        <line num="26" count="3" type="stmt"/>
        <line num="27" count="3" type="stmt"/>
        <line num="28" count="3" type="stmt"/>
        <line num="29" count="3" type="stmt"/>
        <line num="30" count="3" type="stmt"/>
        <line num="32" count="3" type="stmt"/>
        <line num="33" count="3" type="stmt"/>
        <line num="35" count="3" type="stmt"/>
        <line num="36" count="3" type="stmt"/>
        <line num="37" count="3" type="stmt"/>
        <line num="38" count="3" type="stmt"/>
        <line num="40" count="3" type="cond" truecount="2" falsecount="0"/>
        <line num="44" count="3" type="stmt"/>
      </file>
      <file name="ShapeModel.tsx" path="C:\Users\colin\Documents\mathFan\src\features\visuals\ShapeModel.tsx">
        <metrics statements="48" coveredstatements="1" conditionals="12" coveredconditionals="0" methods="11" coveredmethods="0"/>
        <line num="15" count="3" type="stmt"/>
        <line num="18" count="0" type="stmt"/>
        <line num="22" count="0" type="stmt"/>
        <line num="23" count="0" type="stmt"/>
        <line num="24" count="0" type="stmt"/>
        <line num="34" count="0" type="stmt"/>
        <line num="35" count="0" type="stmt"/>
        <line num="36" count="0" type="stmt"/>
        <line num="37" count="0" type="stmt"/>
        <line num="38" count="0" type="stmt"/>
        <line num="42" count="0" type="stmt"/>
        <line num="52" count="0" type="stmt"/>
        <line num="53" count="0" type="stmt"/>
        <line num="54" count="0" type="stmt"/>
        <line num="55" count="0" type="stmt"/>
        <line num="56" count="0" type="stmt"/>
        <line num="58" count="0" type="cond" truecount="0" falsecount="2"/>
        <line num="59" count="0" type="stmt"/>
        <line num="60" count="0" type="stmt"/>
        <line num="67" count="0" type="cond" truecount="0" falsecount="2"/>
        <line num="68" count="0" type="stmt"/>
        <line num="69" count="0" type="stmt"/>
        <line num="70" count="0" type="stmt"/>
        <line num="71" count="0" type="stmt"/>
        <line num="72" count="0" type="stmt"/>
        <line num="73" count="0" type="stmt"/>
        <line num="74" count="0" type="stmt"/>
        <line num="75" count="0" type="stmt"/>
        <line num="77" count="0" type="stmt"/>
        <line num="80" count="0" type="stmt"/>
        <line num="85" count="0" type="cond" truecount="0" falsecount="2"/>
        <line num="86" count="0" type="stmt"/>
        <line num="87" count="0" type="stmt"/>
        <line num="88" count="0" type="stmt"/>
        <line num="89" count="0" type="stmt"/>
        <line num="90" count="0" type="stmt"/>
        <line num="91" count="0" type="stmt"/>
        <line num="97" count="0" type="stmt"/>
        <line num="98" count="0" type="stmt"/>
        <line num="101" count="0" type="stmt"/>
        <line num="106" count="0" type="cond" truecount="0" falsecount="2"/>
        <line num="107" count="0" type="stmt"/>
        <line num="108" count="0" type="stmt"/>
        <line num="115" count="0" type="cond" truecount="0" falsecount="2"/>
        <line num="116" count="0" type="stmt"/>
        <line num="117" count="0" type="stmt"/>
        <line num="125" count="0" type="stmt"/>
        <line num="131" count="0" type="stmt"/>
      </file>
      <file name="VisualModel.tsx" path="C:\Users\colin\Documents\mathFan\src\features\visuals\VisualModel.tsx">
        <metrics statements="35" coveredstatements="26" conditionals="69" coveredconditionals="45" methods="2" coveredmethods="2"/>
        <line num="38" count="2" type="stmt"/>
        <line num="39" count="2" type="cond" truecount="1" falsecount="1"/>
        <line num="40" count="2" type="stmt"/>
        <line num="44" count="37" type="stmt"/>
        <line num="47" count="37" type="cond" truecount="10" falsecount="0"/>
        <line num="52" count="26" type="stmt"/>
        <line num="67" count="11" type="cond" truecount="2" falsecount="0"/>
        <line num="68" count="2" type="stmt"/>
        <line num="69" count="2" type="cond" truecount="1" falsecount="1"/>
        <line num="70" count="2" type="stmt"/>
        <line num="81" count="9" type="cond" truecount="2" falsecount="0"/>
        <line num="82" count="1" type="cond" truecount="1" falsecount="2"/>
        <line num="83" count="1" type="cond" truecount="1" falsecount="2"/>
        <line num="84" count="1" type="cond" truecount="3" falsecount="1"/>
        <line num="85" count="1" type="stmt"/>
        <line num="96" count="8" type="cond" truecount="1" falsecount="1"/>
        <line num="100" count="0" type="stmt"/>
        <line num="101" count="0" type="cond" truecount="0" falsecount="2"/>
        <line num="102" count="0" type="stmt"/>
        <line num="113" count="8" type="cond" truecount="5" falsecount="0"/>
        <line num="114" count="1" type="stmt"/>
        <line num="117" count="7" type="cond" truecount="5" falsecount="0"/>
        <line num="118" count="2" type="stmt"/>
        <line num="121" count="5" type="cond" truecount="5" falsecount="0"/>
        <line num="122" count="2" type="stmt"/>
        <line num="126" count="3" type="cond" truecount="1" falsecount="1"/>
        <line num="127" count="3" type="stmt"/>
        <line num="128" count="3" type="cond" truecount="1" falsecount="1"/>
        <line num="129" count="3" type="stmt"/>
        <line num="140" count="0" type="cond" truecount="0" falsecount="2"/>
        <line num="141" count="0" type="stmt"/>
        <line num="142" count="0" type="cond" truecount="0" falsecount="2"/>
        <line num="146" count="0" type="cond" truecount="0" falsecount="5"/>
        <line num="147" count="0" type="stmt"/>
        <line num="151" count="0" type="stmt"/>
      </file>
      <file name="visualModelUtils.ts" path="C:\Users\colin\Documents\mathFan\src\features\visuals\visualModelUtils.ts">
        <metrics statements="36" coveredstatements="31" conditionals="61" coveredconditionals="42" methods="4" coveredmethods="4"/>
        <line num="5" count="2" type="stmt"/>
        <line num="6" count="2" type="cond" truecount="1" falsecount="1"/>
        <line num="7" count="2" type="stmt"/>
        <line num="24" count="4" type="stmt"/>
        <line num="25" count="4" type="stmt"/>
        <line num="27" count="4" type="stmt"/>
        <line num="28" count="5" type="stmt"/>
        <line num="30" count="4" type="stmt"/>
        <line num="34" count="2" type="stmt"/>
        <line num="35" count="2" type="cond" truecount="2" falsecount="0"/>
        <line num="36" count="1" type="stmt"/>
        <line num="37" count="1" type="cond" truecount="1" falsecount="1"/>
        <line num="39" count="1" type="stmt"/>
        <line num="40" count="1" type="cond" truecount="1" falsecount="1"/>
        <line num="41" count="1" type="stmt"/>
        <line num="42" count="1" type="cond" truecount="1" falsecount="1"/>
        <line num="44" count="0" type="cond" truecount="0" falsecount="2"/>
        <line num="45" count="0" type="cond" truecount="0" falsecount="4"/>
        <line num="46" count="0" type="cond" truecount="0" falsecount="2"/>
        <line num="47" count="0" type="cond" truecount="0" falsecount="2"/>
        <line num="48" count="0" type="stmt"/>
        <line num="53" count="13" type="stmt"/>
        <line num="55" count="13" type="cond" truecount="10" falsecount="0"/>
        <line num="57" count="1" type="stmt"/>
        <line num="59" count="12" type="cond" truecount="4" falsecount="0"/>
        <line num="61" count="11" type="cond" truecount="2" falsecount="0"/>
        <line num="62" count="1" type="cond" truecount="1" falsecount="2"/>
        <line num="63" count="1" type="cond" truecount="2" falsecount="0"/>
        <line num="66" count="10" type="cond" truecount="4" falsecount="0"/>
        <line num="67" count="2" type="stmt"/>
        <line num="70" count="8" type="cond" truecount="7" falsecount="0"/>
        <line num="71" count="3" type="stmt"/>
        <line num="73" count="5" type="cond" truecount="2" falsecount="0"/>
        <line num="75" count="4" type="cond" truecount="2" falsecount="0"/>
        <line num="77" count="2" type="cond" truecount="2" falsecount="3"/>
        <line num="79" count="2" type="stmt"/>
      </file>
    </package>
    <package name="utils">
      <metrics statements="14" coveredstatements="14" conditionals="0" coveredconditionals="0" methods="5" coveredmethods="5"/>
      <file name="id.ts" path="C:\Users\colin\Documents\mathFan\src\utils\id.ts">
        <metrics statements="1" coveredstatements="1" conditionals="0" coveredconditionals="0" methods="1" coveredmethods="1"/>
        <line num="2" count="38" type="stmt"/>
      </file>
      <file name="rng.ts" path="C:\Users\colin\Documents\mathFan\src\utils\rng.ts">
        <metrics statements="13" coveredstatements="13" conditionals="0" coveredconditionals="0" methods="4" coveredmethods="4"/>
        <line num="13" count="28" type="stmt"/>
        <line num="14" count="28" type="stmt"/>
        <line num="15" count="1300" type="stmt"/>
        <line num="16" count="1300" type="stmt"/>
        <line num="17" count="1300" type="stmt"/>
        <line num="18" count="1300" type="stmt"/>
        <line num="19" count="1300" type="stmt"/>
        <line num="25" count="16" type="stmt"/>
        <line num="30" count="13" type="stmt"/>
        <line num="31" count="13" type="stmt"/>
        <line num="32" count="16" type="stmt"/>
        <line num="33" count="16" type="stmt"/>
        <line num="35" count="13" type="stmt"/>
      </file>
    </package>
  </project>
</coverage>
